Added Component: Designator=C1(CAPCP2012X09N)
Add component (AddParameter): Name = "Capacitance"; Value = "100nF"; VariantName = "[No Variations]"
Add component (AddParameter): Name = "Creator"; Value = "Ritesh Kanjee"; VariantName = "[No Variations]"
Add component (AddParameter): Name = "Datasheet URL"; Value = "http://za.rs-online.com/web/p/ceramic-multilayer-capacitors/4646688/"; VariantName = "[No Variations]"
Add component (AddParameter): Name = "Date Created"; Value = "18 February 2015"; VariantName = "[No Variations]"
Add component (AddParameter): Name = "Manufacturer"; Value = "AVX"; VariantName = "[No Variations]"
Add component (AddParameter): Name = "Package"; Value = "0805"; VariantName = "[No Variations]"
Add component (AddParameter): Name = "RS Stock No."; Value = "464-6688"; VariantName = "[No Variations]"
Add component (AddParameter): Name = "Voltage"; Value = "50V"; VariantName = "[No Variations]"
Added Component: Designator=C2(CAPCP2012X09N)
Add component (AddParameter): Name = "Capacitance"; Value = "100nF"; VariantName = "[No Variations]"
Add component (AddParameter): Name = "Creator"; Value = "Ritesh Kanjee"; VariantName = "[No Variations]"
Add component (AddParameter): Name = "Datasheet URL"; Value = "http://za.rs-online.com/web/p/ceramic-multilayer-capacitors/4646688/"; VariantName = "[No Variations]"
Add component (AddParameter): Name = "Date Created"; Value = "18 February 2015"; VariantName = "[No Variations]"
Add component (AddParameter): Name = "Manufacturer"; Value = "AVX"; VariantName = "[No Variations]"
Add component (AddParameter): Name = "Package"; Value = "0805"; VariantName = "[No Variations]"
Add component (AddParameter): Name = "RS Stock No."; Value = "464-6688"; VariantName = "[No Variations]"
Add component (AddParameter): Name = "Voltage"; Value = "50V"; VariantName = "[No Variations]"
Added Component: Designator=C3(CASE A - 3216X18)
Add component (AddParameter): Name = "ComponentLink1Description"; Value = "Supplier Website"; VariantName = "[No Variations]"
Add component (AddParameter): Name = "ComponentLink1URL"; Value = "http://za.rs-online.com/web/search/searchBrowseAction.html?method=getProduct&R=4963545"; VariantName = "[No Variations]"
Add component (AddParameter): Name = "ComponentLink2Description"; Value = "RS Data sheet"; VariantName = "[No Variations]"
Add component (AddParameter): Name = "ComponentLink2URL"; Value = "http://docs-europe.origin.electrocomponents.com/webdocs/04ed/0900766b804ed4cc.pdf"; VariantName = "[No Variations]"
Add component (AddParameter): Name = "LatestRevisionDate"; Value = "28-April-2010"; VariantName = "[No Variations]"
Add component (AddParameter): Name = "Package"; Value = "3216-18"; VariantName = "[No Variations]"
Add component (AddParameter): Name = "Part Originator"; Value = "H Theron"; VariantName = "[No Variations]"
Add component (AddParameter): Name = "Publisher"; Value = "DPSS"; VariantName = "[No Variations]"
Add component (AddParameter): Name = "RS Stock Nr."; Value = "496-3545"; VariantName = "[No Variations]"
Add component (AddParameter): Name = "Tolerance"; Value = "10%"; VariantName = "[No Variations]"
Add component (AddParameter): Name = "Value"; Value = "4.7µF"; VariantName = "[No Variations]"
Add component (AddParameter): Name = "Voltage"; Value = "16V"; VariantName = "[No Variations]"
Added Component: Designator=C4(CASE A - 3216X18)
Add component (AddParameter): Name = "ComponentLink1Description"; Value = "Supplier Website"; VariantName = "[No Variations]"
Add component (AddParameter): Name = "ComponentLink1URL"; Value = "http://za.rs-online.com/web/search/searchBrowseAction.html?method=getProduct&R=4963545"; VariantName = "[No Variations]"
Add component (AddParameter): Name = "ComponentLink2Description"; Value = "RS Data sheet"; VariantName = "[No Variations]"
Add component (AddParameter): Name = "ComponentLink2URL"; Value = "http://docs-europe.origin.electrocomponents.com/webdocs/04ed/0900766b804ed4cc.pdf"; VariantName = "[No Variations]"
Add component (AddParameter): Name = "LatestRevisionDate"; Value = "28-April-2010"; VariantName = "[No Variations]"
Add component (AddParameter): Name = "Package"; Value = "3216-18"; VariantName = "[No Variations]"
Add component (AddParameter): Name = "Part Originator"; Value = "H Theron"; VariantName = "[No Variations]"
Add component (AddParameter): Name = "Publisher"; Value = "DPSS"; VariantName = "[No Variations]"
Add component (AddParameter): Name = "RS Stock Nr."; Value = "496-3545"; VariantName = "[No Variations]"
Add component (AddParameter): Name = "Tolerance"; Value = "10%"; VariantName = "[No Variations]"
Add component (AddParameter): Name = "Value"; Value = "4.7µF"; VariantName = "[No Variations]"
Add component (AddParameter): Name = "Voltage"; Value = "16V"; VariantName = "[No Variations]"
Added Component: Designator=C5(CAPCP2012X09N)
Add component (AddParameter): Name = "Capacitance"; Value = "100nF"; VariantName = "[No Variations]"
Add component (AddParameter): Name = "Creator"; Value = "Ritesh Kanjee"; VariantName = "[No Variations]"
Add component (AddParameter): Name = "Datasheet URL"; Value = "http://za.rs-online.com/web/p/ceramic-multilayer-capacitors/4646688/"; VariantName = "[No Variations]"
Add component (AddParameter): Name = "Date Created"; Value = "18 February 2015"; VariantName = "[No Variations]"
Add component (AddParameter): Name = "Manufacturer"; Value = "AVX"; VariantName = "[No Variations]"
Add component (AddParameter): Name = "Package"; Value = "0805"; VariantName = "[No Variations]"
Add component (AddParameter): Name = "RS Stock No."; Value = "464-6688"; VariantName = "[No Variations]"
Add component (AddParameter): Name = "Voltage"; Value = "50V"; VariantName = "[No Variations]"
Added Component: Designator=C6(CASE A - 3216X18)
Add component (AddParameter): Name = "ComponentLink1Description"; Value = "Supplier Website"; VariantName = "[No Variations]"
Add component (AddParameter): Name = "ComponentLink1URL"; Value = "http://za.rs-online.com/web/search/searchBrowseAction.html?method=getProduct&R=4963545"; VariantName = "[No Variations]"
Add component (AddParameter): Name = "ComponentLink2Description"; Value = "RS Data sheet"; VariantName = "[No Variations]"
Add component (AddParameter): Name = "ComponentLink2URL"; Value = "http://docs-europe.origin.electrocomponents.com/webdocs/04ed/0900766b804ed4cc.pdf"; VariantName = "[No Variations]"
Add component (AddParameter): Name = "LatestRevisionDate"; Value = "28-April-2010"; VariantName = "[No Variations]"
Add component (AddParameter): Name = "Package"; Value = "3216-18"; VariantName = "[No Variations]"
Add component (AddParameter): Name = "Part Originator"; Value = "H Theron"; VariantName = "[No Variations]"
Add component (AddParameter): Name = "Publisher"; Value = "DPSS"; VariantName = "[No Variations]"
Add component (AddParameter): Name = "RS Stock Nr."; Value = "496-3545"; VariantName = "[No Variations]"
Add component (AddParameter): Name = "Tolerance"; Value = "10%"; VariantName = "[No Variations]"
Add component (AddParameter): Name = "Value"; Value = "4.7µF"; VariantName = "[No Variations]"
Add component (AddParameter): Name = "Voltage"; Value = "16V"; VariantName = "[No Variations]"
Added Component: Designator=C7(CAPCP2012X09N)
Add component (AddParameter): Name = "Capacitance"; Value = "100nF"; VariantName = "[No Variations]"
Add component (AddParameter): Name = "Creator"; Value = "Ritesh Kanjee"; VariantName = "[No Variations]"
Add component (AddParameter): Name = "Datasheet URL"; Value = "http://za.rs-online.com/web/p/ceramic-multilayer-capacitors/4646688/"; VariantName = "[No Variations]"
Add component (AddParameter): Name = "Date Created"; Value = "18 February 2015"; VariantName = "[No Variations]"
Add component (AddParameter): Name = "Manufacturer"; Value = "AVX"; VariantName = "[No Variations]"
Add component (AddParameter): Name = "Package"; Value = "0805"; VariantName = "[No Variations]"
Add component (AddParameter): Name = "RS Stock No."; Value = "464-6688"; VariantName = "[No Variations]"
Add component (AddParameter): Name = "Voltage"; Value = "50V"; VariantName = "[No Variations]"
Added Component: Designator=C8(CAPCP2012X09N)
Add component (AddParameter): Name = "Capacitance"; Value = "100nF"; VariantName = "[No Variations]"
Add component (AddParameter): Name = "Creator"; Value = "Ritesh Kanjee"; VariantName = "[No Variations]"
Add component (AddParameter): Name = "Datasheet URL"; Value = "http://za.rs-online.com/web/p/ceramic-multilayer-capacitors/4646688/"; VariantName = "[No Variations]"
Add component (AddParameter): Name = "Date Created"; Value = "18 February 2015"; VariantName = "[No Variations]"
Add component (AddParameter): Name = "Manufacturer"; Value = "AVX"; VariantName = "[No Variations]"
Add component (AddParameter): Name = "Package"; Value = "0805"; VariantName = "[No Variations]"
Add component (AddParameter): Name = "RS Stock No."; Value = "464-6688"; VariantName = "[No Variations]"
Add component (AddParameter): Name = "Voltage"; Value = "50V"; VariantName = "[No Variations]"
Added Component: Designator=C9(CAPCP2012X09N)
Add component (AddParameter): Name = "Capacitance"; Value = "18pF"; VariantName = "[No Variations]"
Add component (AddParameter): Name = "Creator"; Value = "Ritesh Kanjee"; VariantName = "[No Variations]"
Add component (AddParameter): Name = "Datasheet URL"; Value = "http://za.rs-online.com/web/p/ceramic-multilayer-capacitors/6480935/?searchTerm=C0805C180J5GACTU&relevancy-data=636F3D3226696E3D4931384E4B6E6F776E41734D504E266C753D656E266D6D3D6D61746368616C6C7061727469616C26706D3D5E5B5C707B4C7D5C707B4E647D2D2C2F255C2E5D2B2426706F3D313326736E3D592673743D4D414E5F504152545F4E554D4245522677633D424F5448267573743D4330383035433138304A35474143545526"; VariantName = "[No Variations]"
Add component (AddParameter): Name = "Date Created"; Value = "18 February 2015"; VariantName = "[No Variations]"
Add component (AddParameter): Name = "Manufacturer"; Value = "Kemet"; VariantName = "[No Variations]"
Add component (AddParameter): Name = "Package"; Value = "0805"; VariantName = "[No Variations]"
Add component (AddParameter): Name = "RS Stock No."; Value = "648-0935"; VariantName = "[No Variations]"
Add component (AddParameter): Name = "Voltage"; Value = "50V"; VariantName = "[No Variations]"
Added Component: Designator=D1(LED1913X12NGREEN)
Add component (AddParameter): Name = "Color"; Value = "Green"; VariantName = "[No Variations]"
Add component (AddParameter): Name = "Creator"; Value = "Ritesh Kanjee"; VariantName = "[No Variations]"
Add component (AddParameter): Name = "Datasheet URL"; Value = "http://za.rs-online.com/web/p/visible-leds/4663778/"; VariantName = "[No Variations]"
Add component (AddParameter): Name = "Date Created"; Value = "18 February 2015"; VariantName = "[No Variations]"
Add component (AddParameter): Name = "Forward Voltage"; Value = "2.1 V"; VariantName = "[No Variations]"
Add component (AddParameter): Name = "Manufacturer"; Value = "KingBright"; VariantName = "[No Variations]"
Add component (AddParameter): Name = "Manufacturer Part No."; Value = "KP-2012MGC"; VariantName = "[No Variations]"
Add component (AddParameter): Name = "RS Stock No."; Value = "466-3778"; VariantName = "[No Variations]"
Added Component: Designator=D2(LED1913X12NRED)
Add component (AddParameter): Name = "Color"; Value = "RED"; VariantName = "[No Variations]"
Add component (AddParameter): Name = "Creator"; Value = "Ritesh Kanjee"; VariantName = "[No Variations]"
Add component (AddParameter): Name = "Datasheet URL"; Value = "http://za.rs-online.com/web/p/visible-leds/4663813/"; VariantName = "[No Variations]"
Add component (AddParameter): Name = "Date Created"; Value = "18 February 2015"; VariantName = "[No Variations]"
Add component (AddParameter): Name = "Forward Voltage"; Value = "1.85V"; VariantName = "[No Variations]"
Add component (AddParameter): Name = "Manufacturer"; Value = "KingBright"; VariantName = "[No Variations]"
Add component (AddParameter): Name = "Manufacturer Part No."; Value = "KP-2012SRC-PRV"; VariantName = "[No Variations]"
Add component (AddParameter): Name = "RS Stock No."; Value = "466-3813"; VariantName = "[No Variations]"
Added Component: Designator=D3(LED1913X12NBLUE)
Add component (AddParameter): Name = "Color"; Value = "Blue"; VariantName = "[No Variations]"
Add component (AddParameter): Name = "Creator"; Value = "Ritesh Kanjee"; VariantName = "[No Variations]"
Add component (AddParameter): Name = "Datasheet URL"; Value = "http://za.rs-online.com/web/p/visible-leds/4663784/"; VariantName = "[No Variations]"
Add component (AddParameter): Name = "Date Created"; Value = "18 February 2015"; VariantName = "[No Variations]"
Add component (AddParameter): Name = "Forward Voltage"; Value = "3.2V"; VariantName = "[No Variations]"
Add component (AddParameter): Name = "Manufacturer"; Value = "KingBright"; VariantName = "[No Variations]"
Add component (AddParameter): Name = "Manufacturer Part No."; Value = "KP-2012PBC-A"; VariantName = "[No Variations]"
Add component (AddParameter): Name = "RS Stock No."; Value = "466-3784"; VariantName = "[No Variations]"
Added Component: Designator=D4(LED1913X12NYEL/ORANGE)
Add component (AddParameter): Name = "Color"; Value = "Orange"; VariantName = "[No Variations]"
Add component (AddParameter): Name = "Creator"; Value = "Ritesh Kanjee"; VariantName = "[No Variations]"
Add component (AddParameter): Name = "Datasheet URL"; Value = "http://za.rs-online.com/web/p/visible-leds/4663790/"; VariantName = "[No Variations]"
Add component (AddParameter): Name = "Date Created"; Value = "18 February 2015"; VariantName = "[No Variations]"
Add component (AddParameter): Name = "Forward Voltage"; Value = "1.85V"; VariantName = "[No Variations]"
Add component (AddParameter): Name = "Manufacturer"; Value = "KingBright"; VariantName = "[No Variations]"
Add component (AddParameter): Name = "Manufacturer Part No."; Value = "KP-2012SEC"; VariantName = "[No Variations]"
Add component (AddParameter): Name = "RS Stock No."; Value = "466-3790"; VariantName = "[No Variations]"
Added Component: Designator=RA1(1206 RA)
Add component (AddParameter): Name = "Creator"; Value = "R Kanjee"; VariantName = "[No Variations]"
Add component (AddParameter): Name = "Date Created"; Value = "25 February 2015"; VariantName = "[No Variations]"
Add component (AddParameter): Name = "Manufacturer"; Value = "Bourns"; VariantName = "[No Variations]"
Add component (AddParameter): Name = "Manufacturer Part No."; Value = "CAY16-102J4LF"; VariantName = "[No Variations]"
Add component (AddParameter): Name = "RS Stock No."; Value = "552-5579"; VariantName = "[No Variations]"
Add component (AddParameter): Name = "Wattage"; Value = "0.25W"; VariantName = "[No Variations]"
Added Component: Designator=RA2(1206 RA)
Add component (AddParameter): Name = "Creator"; Value = "R Kanjee"; VariantName = "[No Variations]"
Add component (AddParameter): Name = "Date Created"; Value = "25 February 2015"; VariantName = "[No Variations]"
Add component (AddParameter): Name = "Manufacturer"; Value = "Bourns"; VariantName = "[No Variations]"
Add component (AddParameter): Name = "Manufacturer Part No."; Value = "CAY16-102J4LF"; VariantName = "[No Variations]"
Add component (AddParameter): Name = "RS Stock No."; Value = "552-5579"; VariantName = "[No Variations]"
Add component (AddParameter): Name = "Wattage"; Value = "0.25W"; VariantName = "[No Variations]"
Added Component: Designator=REG1(SOT230P700X180-4N)
Add component (AddParameter): Name = "Created By"; Value = "R Kanjee"; VariantName = "[No Variations]"
Add component (AddParameter): Name = "Datasheet URL"; Value = "http://za.rs-online.com/web/p/low-dropout-voltage-regulators/5339583/"; VariantName = "[No Variations]"
Add component (AddParameter): Name = "Date Created"; Value = "26 February 2015"; VariantName = "[No Variations]"
Add component (AddParameter): Name = "Manufacturer"; Value = "Texas Instruments"; VariantName = "[No Variations]"
Add component (AddParameter): Name = "Maximum Input Voltage"; Value = "15V"; VariantName = "[No Variations]"
Add component (AddParameter): Name = "Output Voltage"; Value = "5V"; VariantName = "[No Variations]"
Add component (AddParameter): Name = "RS Stock No."; Value = "533-9583"; VariantName = "[No Variations]"
Add component (AddParameter): Name = "Supply Current"; Value = "1.5Amps"; VariantName = "[No Variations]"
Added Component: Designator=S1(ISP HEADER)
Add component (AddParameter): Name = "Created By"; Value = "R Kanjee"; VariantName = "[No Variations]"
Add component (AddParameter): Name = "Current Rating"; Value = "3Amps Continuous"; VariantName = "[No Variations]"
Add component (AddParameter): Name = "Date Created"; Value = "1 March 2015"; VariantName = "[No Variations]"
Add component (AddParameter): Name = "Manufacturer"; Value = "FCI"; VariantName = "[No Variations]"
Add component (AddParameter): Name = "Manufacturer Part No."; Value = "68000-236HLF"; VariantName = "[No Variations]"
Add component (AddParameter): Name = "RS Stock No."; Value = "2509565626"; VariantName = "[No Variations]"
Added Component: Designator=S2(MicroUSB)
Add component (AddParameter): Name = "Creator"; Value = "R Kanjee"; VariantName = "[No Variations]"
Add component (AddParameter): Name = "Datasheet URL"; Value = "http://za.rs-online.com/web/p/micro-usb-connectors/8486764/"; VariantName = "[No Variations]"
Add component (AddParameter): Name = "Date Created"; Value = "28 February 2015"; VariantName = "[No Variations]"
Add component (AddParameter): Name = "Manufacturer"; Value = "Molex"; VariantName = "[No Variations]"
Add component (AddParameter): Name = "Manufacturer Part No."; Value = "105017-0001"; VariantName = "[No Variations]"
Add component (AddParameter): Name = "Max Current"; Value = "1.8A"; VariantName = "[No Variations]"
Add component (AddParameter): Name = "Max Voltage"; Value = "30V"; VariantName = "[No Variations]"
Add component (AddParameter): Name = "RS Stock No"; Value = "848-6764"; VariantName = "[No Variations]"
Added Component: Designator=S3(Tactile Switch)
Add component (AddParameter): Name = "Creator"; Value = "R Kanjee"; VariantName = "[No Variations]"
Add component (AddParameter): Name = "Date Created"; Value = "25 February 2015"; VariantName = "[No Variations]"
Add component (AddParameter): Name = "Manufacturer"; Value = "Omron"; VariantName = "[No Variations]"
Add component (AddParameter): Name = "Manufacturer Part No."; Value = "B3F1000"; VariantName = "[No Variations]"
Add component (AddParameter): Name = "RS Stock No."; Value = "686-6847"; VariantName = "[No Variations]"
Add component (AddParameter): Name = "State"; Value = "Normaly Open"; VariantName = "[No Variations]"
Added Component: Designator=S4(Header)
Add component (AddParameter): Name = "Created By"; Value = "R Kanjee"; VariantName = "[No Variations]"
Add component (AddParameter): Name = "Current Rating"; Value = "3Amps Continuous"; VariantName = "[No Variations]"
Add component (AddParameter): Name = "Date Created"; Value = "1 March 2015"; VariantName = "[No Variations]"
Add component (AddParameter): Name = "Manufacturer"; Value = "FCI"; VariantName = "[No Variations]"
Add component (AddParameter): Name = "Manufacturer Part No."; Value = "68000-236HLF"; VariantName = "[No Variations]"
Add component (AddParameter): Name = "RS Stock No."; Value = "2509565626"; VariantName = "[No Variations]"
Added Component: Designator=S5(Header)
Add component (AddParameter): Name = "Created By"; Value = "R Kanjee"; VariantName = "[No Variations]"
Add component (AddParameter): Name = "Current Rating"; Value = "3Amps Continuous"; VariantName = "[No Variations]"
Add component (AddParameter): Name = "Date Created"; Value = "1 March 2015"; VariantName = "[No Variations]"
Add component (AddParameter): Name = "Manufacturer"; Value = "FCI"; VariantName = "[No Variations]"
Add component (AddParameter): Name = "Manufacturer Part No."; Value = "68000-236HLF"; VariantName = "[No Variations]"
Add component (AddParameter): Name = "RS Stock No."; Value = "2509565626"; VariantName = "[No Variations]"
Added Component: Designator=U1(SOP65P780X200-28N)
Add component (AddParameter): Name = "Creator"; Value = "R Kanjee"; VariantName = "[No Variations]"
Add component (AddParameter): Name = "Date Created"; Value = "03 March 2015"; VariantName = "[No Variations]"
Add component (AddParameter): Name = "Manufacturer"; Value = "FTDI Chip"; VariantName = "[No Variations]"
Add component (AddParameter): Name = "Manufacturer Part No."; Value = "FT232RL"; VariantName = "[No Variations]"
Add component (AddParameter): Name = "Pin Count"; Value = "28"; VariantName = "[No Variations]"
Add component (AddParameter): Name = "RS Stock No."; Value = "406-580"; VariantName = "[No Variations]"
Added Component: Designator=U2(TQFP80P900X900X120-32N)
Add component (AddParameter): Name = "Company"; Value = "ComputeChip"; VariantName = "[No Variations]"
Add component (AddParameter): Name = "Created By"; Value = "Rajiv Bishwokarma"; VariantName = "[No Variations]"
Add component (AddParameter): Name = "Datasheet URL"; Value = "https://docs.rs-online.com/5775/0900766b80db4deb.pdf"; VariantName = "[No Variations]"
Add component (AddParameter): Name = "Date Created"; Value = "December 31, 2020"; VariantName = "[No Variations]"
Add component (AddParameter): Name = "RS Stock No."; Value = "696-3092"; VariantName = "[No Variations]"
Added Component: Designator=X1(Aker S5C Crystal)
Add component (AddParameter): Name = "Creator"; Value = "R Kanjee"; VariantName = "[No Variations]"
Add component (AddParameter): Name = "Frequency Stability"; Value = "+/-30ppm"; VariantName = "[No Variations]"
Add component (AddParameter): Name = "HelpURL"; Value = "http://za.rs-online.com/web/p/crystal-units/6719488/"; VariantName = "[No Variations]"
Add component (AddParameter): Name = "Load Capacitance"; Value = "12pF"; VariantName = "[No Variations]"
Add component (AddParameter): Name = "Manufacturer"; Value = "Aker"; VariantName = "[No Variations]"
Add component (AddParameter): Name = "Manufacturer Part #"; Value = "C5S-16.000-12-3030-X"; VariantName = "[No Variations]"
Add component (AddParameter): Name = "Package"; Value = "3.2x5mm SMD"; VariantName = "[No Variations]"
Add component (AddParameter): Name = "RS"; Value = "RS 671-9488"; VariantName = "[No Variations]"
Add component (AddParameter): Name = "RS Stock Nr."; Value = "671-9488"; VariantName = "[No Variations]"
Add component (AddParameter): Name = "Supplier"; Value = "RS"; VariantName = "[No Variations]"
Add component (AddParameter): Name = "Value"; Value = "16MHz"; VariantName = "[No Variations]"
Added Pin To Net: NetName=+5 Pin=D1-1
Added Pin To Net: NetName=+5 Pin=D2-1
Added Pin To Net: NetName=+5 Pin=RA2-5
Added Pin To Net: NetName=+5 Pin=U2-4
Added Pin To Net: NetName=+5 Pin=U2-6
Added Pin To Net: NetName=+5 Pin=U2-18
Added Net: Name=+5
Added Pin To Net: NetName=3V3 Pin=C2-2
Added Pin To Net: NetName=3V3 Pin=S5-14
Added Pin To Net: NetName=3V3 Pin=U1-17
Added Net: Name=3V3
Added Pin To Net: NetName=5V Pin=C3-1
Added Pin To Net: NetName=5V Pin=C4-1
Added Pin To Net: NetName=5V Pin=C5-2
Added Pin To Net: NetName=5V Pin=RA1-4
Added Pin To Net: NetName=5V Pin=REG1-2
Added Pin To Net: NetName=5V Pin=S1-2
Added Pin To Net: NetName=5V Pin=S5-4
Added Pin To Net: NetName=5V Pin=U1-4
Added Pin To Net: NetName=5V Pin=U1-20
Added Net: Name=5V
Added Pin To Net: NetName=A0 Pin=S5-12
Added Pin To Net: NetName=A0 Pin=U2-23
Added Net: Name=A0
Added Pin To Net: NetName=A1 Pin=S5-11
Added Pin To Net: NetName=A1 Pin=U2-24
Added Net: Name=A1
Added Pin To Net: NetName=A2 Pin=S5-10
Added Pin To Net: NetName=A2 Pin=U2-25
Added Net: Name=A2
Added Pin To Net: NetName=A3 Pin=S5-9
Added Pin To Net: NetName=A3 Pin=U2-26
Added Net: Name=A3
Added Pin To Net: NetName=A4 Pin=S5-8
Added Pin To Net: NetName=A4 Pin=U2-27
Added Net: Name=A4
Added Pin To Net: NetName=A5 Pin=S5-7
Added Pin To Net: NetName=A5 Pin=U2-28
Added Net: Name=A5
Added Pin To Net: NetName=A6 Pin=S5-6
Added Pin To Net: NetName=A6 Pin=U2-19
Added Net: Name=A6
Added Pin To Net: NetName=A7 Pin=S5-5
Added Pin To Net: NetName=A7 Pin=U2-22
Added Net: Name=A7
Added Pin To Net: NetName=AREF Pin=C8-1
Added Pin To Net: NetName=AREF Pin=S5-13
Added Pin To Net: NetName=AREF Pin=U2-20
Added Net: Name=AREF
Added Pin To Net: NetName=D0/RX Pin=RA2-3
Added Pin To Net: NetName=D0/RX Pin=S4-2
Added Pin To Net: NetName=D0/RX Pin=U2-30
Added Net: Name=D0/RX
Added Pin To Net: NetName=D1/TX Pin=RA2-2
Added Pin To Net: NetName=D1/TX Pin=S4-1
Added Pin To Net: NetName=D1/TX Pin=U2-31
Added Net: Name=D1/TX
Added Pin To Net: NetName=D2 Pin=S4-5
Added Pin To Net: NetName=D2 Pin=U2-32
Added Net: Name=D2
Added Pin To Net: NetName=D3 Pin=S4-6
Added Pin To Net: NetName=D3 Pin=U2-1
Added Net: Name=D3
Added Pin To Net: NetName=D4 Pin=S4-7
Added Pin To Net: NetName=D4 Pin=U2-2
Added Net: Name=D4
Added Pin To Net: NetName=D5 Pin=S4-8
Added Pin To Net: NetName=D5 Pin=U2-9
Added Net: Name=D5
Added Pin To Net: NetName=D6 Pin=S4-9
Added Pin To Net: NetName=D6 Pin=U2-10
Added Net: Name=D6
Added Pin To Net: NetName=D7 Pin=S4-10
Added Pin To Net: NetName=D7 Pin=U2-11
Added Net: Name=D7
Added Pin To Net: NetName=D8 Pin=S4-11
Added Pin To Net: NetName=D8 Pin=U2-12
Added Net: Name=D8
Added Pin To Net: NetName=D9 Pin=S4-12
Added Pin To Net: NetName=D9 Pin=U2-13
Added Net: Name=D9
Added Pin To Net: NetName=D10 Pin=S4-13
Added Pin To Net: NetName=D10 Pin=U2-14
Added Net: Name=D10
Added Pin To Net: NetName=D11/MOSI Pin=S1-4
Added Pin To Net: NetName=D11/MOSI Pin=S4-14
Added Pin To Net: NetName=D11/MOSI Pin=U2-15
Added Net: Name=D11/MOSI
Added Pin To Net: NetName=D12/MISO Pin=S1-1
Added Pin To Net: NetName=D12/MISO Pin=S4-15
Added Pin To Net: NetName=D12/MISO Pin=U2-16
Added Net: Name=D12/MISO
Added Pin To Net: NetName=D13/SCK Pin=RA1-1
Added Pin To Net: NetName=D13/SCK Pin=S1-3
Added Pin To Net: NetName=D13/SCK Pin=S5-15
Added Pin To Net: NetName=D13/SCK Pin=U2-17
Added Net: Name=D13/SCK
Added Pin To Net: NetName=GND Pin=C2-1
Added Pin To Net: NetName=GND Pin=C3-2
Added Pin To Net: NetName=GND Pin=C4-2
Added Pin To Net: NetName=GND Pin=C5-1
Added Pin To Net: NetName=GND Pin=C6-2
Added Pin To Net: NetName=GND Pin=C7-1
Added Pin To Net: NetName=GND Pin=C8-2
Added Pin To Net: NetName=GND Pin=C9-2
Added Pin To Net: NetName=GND Pin=D3-2
Added Pin To Net: NetName=GND Pin=D4-2
Added Pin To Net: NetName=GND Pin=REG1-3
Added Pin To Net: NetName=GND Pin=S1-6
Added Pin To Net: NetName=GND Pin=S2-5
Added Pin To Net: NetName=GND Pin=S3-1
Added Pin To Net: NetName=GND Pin=S4-4
Added Pin To Net: NetName=GND Pin=S5-2
Added Pin To Net: NetName=GND Pin=U1-7
Added Pin To Net: NetName=GND Pin=U1-18
Added Pin To Net: NetName=GND Pin=U1-21
Added Pin To Net: NetName=GND Pin=U1-25
Added Pin To Net: NetName=GND Pin=U2-3
Added Pin To Net: NetName=GND Pin=U2-5
Added Pin To Net: NetName=GND Pin=U2-8
Added Pin To Net: NetName=GND Pin=U2-21
Added Pin To Net: NetName=GND Pin=X1-2
Added Pin To Net: NetName=GND Pin=X1-3
Added Pin To Net: NetName=GND Pin=X1-4
Added Net: Name=GND
Added Pin To Net: NetName=GREEN_TX Pin=RA1-3
Added Pin To Net: NetName=GREEN_TX Pin=U1-22
Added Net: Name=GREEN_TX
Added Pin To Net: NetName=NetC1_2 Pin=C1-2
Added Pin To Net: NetName=NetC1_2 Pin=U1-2
Added Net: Name=NetC1_2
Added Pin To Net: NetName=NetC9_1 Pin=C9-1
Added Pin To Net: NetName=NetC9_1 Pin=U2-7
Added Pin To Net: NetName=NetC9_1 Pin=X1-1
Added Net: Name=NetC9_1
Added Pin To Net: NetName=NetD1_2 Pin=D1-2
Added Pin To Net: NetName=NetD1_2 Pin=RA1-7
Added Net: Name=NetD1_2
Added Pin To Net: NetName=NetD2_2 Pin=D2-2
Added Pin To Net: NetName=NetD2_2 Pin=RA1-6
Added Net: Name=NetD2_2
Added Pin To Net: NetName=NetD3_1 Pin=D3-1
Added Pin To Net: NetName=NetD3_1 Pin=RA1-8
Added Net: Name=NetD3_1
Added Pin To Net: NetName=NetD4_1 Pin=D4-1
Added Pin To Net: NetName=NetD4_1 Pin=RA1-5
Added Net: Name=NetD4_1
Added Pin To Net: NetName=NetS2_2 Pin=S2-2
Added Pin To Net: NetName=NetS2_2 Pin=U1-16
Added Net: Name=NetS2_2
Added Pin To Net: NetName=NetS2_3 Pin=S2-3
Added Pin To Net: NetName=NetS2_3 Pin=U1-15
Added Net: Name=NetS2_3
Added Pin To Net: NetName=RED_RX Pin=RA1-2
Added Pin To Net: NetName=RED_RX Pin=U1-23
Added Net: Name=RED_RX
Added Pin To Net: NetName=RESET Pin=C1-1
Added Pin To Net: NetName=RESET Pin=RA2-1
Added Pin To Net: NetName=RESET Pin=S1-5
Added Pin To Net: NetName=RESET Pin=S3-2
Added Pin To Net: NetName=RESET Pin=S4-3
Added Pin To Net: NetName=RESET Pin=S5-3
Added Pin To Net: NetName=RESET Pin=U2-29
Added Net: Name=RESET
Added Pin To Net: NetName=RX Pin=RA2-7
Added Pin To Net: NetName=RX Pin=U1-1
Added Net: Name=RX
Added Pin To Net: NetName=TX Pin=RA2-6
Added Pin To Net: NetName=TX Pin=U1-5
Added Net: Name=TX
Added Pin To Net: NetName=VUSB Pin=C6-1
Added Pin To Net: NetName=VUSB Pin=C7-2
Added Pin To Net: NetName=VUSB Pin=REG1-1
Added Pin To Net: NetName=VUSB Pin=S2-1
Added Pin To Net: NetName=VUSB Pin=S5-1
Added Net: Name=VUSB
Added Class: Name=arduino-nano
Added Room: Name=arduino-nano
